{
  "RSpec": {
    "coverage": {
      "/Users/maryrose/module_3_projects/meal_finder/spec/features/user_can_navigate_the_website_spec.rb": [
        1,
        1,
        null,
        null,
        null,
        null,
        1,
        null,
        1,
        null,
        1,
        null,
        1,
        null,
        1,
        null,
        1,
        null,
        1,
        null,
        1,
        null,
        1,
        null,
        1,
        null,
        1,
        null,
        1,
        null,
        1,
        null,
        1,
        null,
        null,
        null,
        null
      ],
      "/Users/maryrose/module_3_projects/meal_finder/spec/models/location_spec.rb": [
        1,
        null,
        1,
        1,
        null
      ],
      "/Users/maryrose/module_3_projects/meal_finder/spec/rails_helper.rb": [
        1,
        1,
        null,
        1,
        1,
        1,
        null,
        1,
        null,
        1,
        null,
        1,
        null,
        null,
        1,
        null,
        1,
        null
      ],
      "/Users/maryrose/module_3_projects/meal_finder/config/environment.rb": [
        null,
        1,
        null,
        null,
        1
      ],
      "/Users/maryrose/module_3_projects/meal_finder/config/application.rb": [
        1,
        null,
        1,
        null,
        1,
        1,
        1,
        1,
        1,
        1,
        1,
        null,
        null,
        null,
        null,
        1,
        null,
        1,
        1,
        null,
        null,
        null,
        null,
        null,
        null,
        null,
        null,
        null,
        null,
        null,
        null,
        null,
        1,
        null,
        null
      ],
      "/Users/maryrose/module_3_projects/meal_finder/config/boot.rb": [
        1,
        null,
        1
      ],
      "/Users/maryrose/module_3_projects/meal_finder/config/environments/test.rb": [
        1,
        null,
        null,
        null,
        null,
        null,
        null,
        1,
        null,
        null,
        null,
        null,
        1,
        null,
        null,
        1,
        1,
        null,
        null,
        1,
        1,
        null,
        null,
        1,
        null,
        null,
        1,
        null,
        null,
        null,
        null,
        1,
        null,
        null,
        1,
        null,
        null,
        1,
        null,
        null,
        null,
        null
      ],
      "/Users/maryrose/module_3_projects/meal_finder/config/initializers/assets.rb": [
        null,
        null,
        null,
        1,
        null,
        null,
        null,
        null,
        null,
        null,
        null
      ],
      "/Users/maryrose/module_3_projects/meal_finder/config/initializers/backtrace_silencers.rb": [
        null,
        null,
        null,
        null,
        null,
        null,
        null
      ],
      "/Users/maryrose/module_3_projects/meal_finder/config/initializers/cookies_serializer.rb": [
        null,
        null,
        1
      ],
      "/Users/maryrose/module_3_projects/meal_finder/config/initializers/filter_parameter_logging.rb": [
        null,
        null,
        null,
        1
      ],
      "/Users/maryrose/module_3_projects/meal_finder/config/initializers/inflections.rb": [
        null,
        null,
        null,
        null,
        null,
        null,
        null,
        null,
        null,
        null,
        null,
        null,
        null,
        null,
        null,
        null
      ],
      "/Users/maryrose/module_3_projects/meal_finder/config/initializers/mime_types.rb": [
        null,
        null,
        null,
        null
      ],
      "/Users/maryrose/module_3_projects/meal_finder/config/initializers/session_store.rb": [
        null,
        null,
        1
      ],
      "/Users/maryrose/module_3_projects/meal_finder/config/initializers/wrap_parameters.rb": [
        null,
        null,
        null,
        null,
        null,
        null,
        1,
        1,
        null,
        null,
        null,
        null,
        null,
        null
      ],
      "/Users/maryrose/module_3_projects/meal_finder/config/routes.rb": [
        1,
        1,
        null,
        1,
        1,
        null,
        1,
        1,
        null
      ],
      "/Users/maryrose/module_3_projects/meal_finder/app/helpers/application_helper.rb": [
        1,
        null
      ],
      "/Users/maryrose/module_3_projects/meal_finder/app/models/location.rb": [
        1,
        null,
        1,
        null,
        1,
        1,
        1,
        null,
        1,
        0,
        null,
        null,
        null
      ],
      "/Users/maryrose/module_3_projects/meal_finder/spec/models/number_spec.rb": [
        1,
        null,
        1,
        1,
        null
      ],
      "/Users/maryrose/module_3_projects/meal_finder/app/models/number.rb": [
        1,
        1,
        null
      ],
      "/Users/maryrose/module_3_projects/meal_finder/app/controllers/home_controller.rb": [
        1,
        1,
        null,
        null,
        null,
        1,
        null,
        null,
        null,
        1,
        null,
        null,
        null
      ],
      "/Users/maryrose/module_3_projects/meal_finder/app/controllers/application_controller.rb": [
        1,
        null,
        null,
        1,
        null
      ],
      "/Users/maryrose/module_3_projects/meal_finder/app/controllers/numbers_controller.rb": [
        1,
        null,
        1,
        1,
        null,
        null,
        1,
        2,
        null,
        2,
        1,
        1,
        null,
        1,
        1,
        null,
        null,
        null,
        1,
        null,
        null,
        null,
        1,
        null,
        1,
        null,
        2,
        null,
        null
      ]
    },
    "timestamp": 1443022233
  }
}
